2026-05-15 01:12:44 wallpaper changed — regenerating theme
Display 1: 4C4C5C6A-7B36-4762-B927-4A5B590B272B-large.heic
Display 2: 4C4C5C6A-7B36-4762-B927-4A5B590B272B-large.heic
Display 3: 4C4C5C6A-7B36-4762-B927-4A5B590B272B-large.heic
Generated: /Users/noamfavier/.config/sketchybar/colors_generated.lua
2026-05-15 01:12:45 theme applied
2026-05-15 01:12:46 wallpaper changed — regenerating theme
Display 1: 3B2922AA-19BD-4D54-B43E-B45EE5DFA56E-large.heic
Display 2: 3B2922AA-19BD-4D54-B43E-B45EE5DFA56E-large.heic
Display 3: 3B2922AA-19BD-4D54-B43E-B45EE5DFA56E-large.heic
Generated: /Users/noamfavier/.config/sketchybar/colors_generated.lua
2026-05-15 01:12:46 theme applied
2026-05-15 01:12:49 wallpaper changed — regenerating theme
Display 1: 3B2922AA-19BD-4D54-B43E-B45EE5DFA56E-large.heic
Display 2: 3B2922AA-19BD-4D54-B43E-B45EE5DFA56E-large.heic
Display 3: 3B2922AA-19BD-4D54-B43E-B45EE5DFA56E-large.heic
Generated: /Users/noamfavier/.config/sketchybar/colors_generated.lua
2026-05-15 01:12:49 theme applied
2026-05-15 01:12:50 wallpaper changed — regenerating theme
Display 1: 3B2922AA-19BD-4D54-B43E-B45EE5DFA56E-large.heic
Display 2: 3B2922AA-19BD-4D54-B43E-B45EE5DFA56E-large.heic
Display 3: 3B2922AA-19BD-4D54-B43E-B45EE5DFA56E-large.heic
Generated: /Users/noamfavier/.config/sketchybar/colors_generated.lua
2026-05-15 01:12:51 theme applied
2026-05-15 01:12:52 wallpaper changed — regenerating theme
Display 1: 3B2922AA-19BD-4D54-B43E-B45EE5DFA56E-large.heic
Display 2: 3B2922AA-19BD-4D54-B43E-B45EE5DFA56E-large.heic
Display 3: 3B2922AA-19BD-4D54-B43E-B45EE5DFA56E-large.heic
Generated: /Users/noamfavier/.config/sketchybar/colors_generated.lua
2026-05-15 01:12:52 theme applied
2026-05-15 01:13:21 wallpaper changed — regenerating theme
Display 1: 3B2922AA-19BD-4D54-B43E-B45EE5DFA56E-large.heic
Display 2: 3B2922AA-19BD-4D54-B43E-B45EE5DFA56E-large.heic
Display 3: 3B2922AA-19BD-4D54-B43E-B45EE5DFA56E-large.heic
Generated: /Users/noamfavier/.config/sketchybar/colors_generated.lua
2026-05-15 01:13:21 theme applied
2026-05-15 01:13:22 wallpaper changed — regenerating theme
Display 1: 3B2922AA-19BD-4D54-B43E-B45EE5DFA56E-large.heic
Display 2: 3B2922AA-19BD-4D54-B43E-B45EE5DFA56E-large.heic
Display 3: 3B2922AA-19BD-4D54-B43E-B45EE5DFA56E-large.heic
Generated: /Users/noamfavier/.config/sketchybar/colors_generated.lua
2026-05-15 01:13:22 theme applied
2026-05-15 01:13:24 wallpaper changed — regenerating theme
Display 1: 3B2922AA-19BD-4D54-B43E-B45EE5DFA56E-large.heic
Display 2: 3B2922AA-19BD-4D54-B43E-B45EE5DFA56E-large.heic
Display 3: 3B2922AA-19BD-4D54-B43E-B45EE5DFA56E-large.heic
Generated: /Users/noamfavier/.config/sketchybar/colors_generated.lua
2026-05-15 01:13:24 theme applied
2026-05-15 01:15:42 wallpaper changed — regenerating theme
Display 1: 3B2922AA-19BD-4D54-B43E-B45EE5DFA56E-large.heic
Display 2: 3B2922AA-19BD-4D54-B43E-B45EE5DFA56E-large.heic
Display 3: 3B2922AA-19BD-4D54-B43E-B45EE5DFA56E-large.heic
Generated: /Users/noamfavier/.config/sketchybar/colors_generated.lua
2026-05-15 01:15:42 theme applied
2026-05-15 01:25:47 wallpaper changed — regenerating theme
Display 1: 76A6D095-2138-4A52-AB8B-6628BA60CE3D-large.heic
Display 2: 76A6D095-2138-4A52-AB8B-6628BA60CE3D-large.heic
Display 3: 76A6D095-2138-4A52-AB8B-6628BA60CE3D-large.heic
Generated: /Users/noamfavier/.config/sketchybar/colors_generated.lua
2026-05-15 01:25:48 theme applied
2026-05-15 01:25:49 wallpaper changed — regenerating theme
Display 1: 76A6D095-2138-4A52-AB8B-6628BA60CE3D-large.heic
Display 2: 76A6D095-2138-4A52-AB8B-6628BA60CE3D-large.heic
Display 3: 76A6D095-2138-4A52-AB8B-6628BA60CE3D-large.heic
Generated: /Users/noamfavier/.config/sketchybar/colors_generated.lua
2026-05-15 01:25:49 theme applied
2026-05-15 02:09:01 wallpaper changed — regenerating theme
Display 1: 76A6D095-2138-4A52-AB8B-6628BA60CE3D-large.heic
Display 2: 76A6D095-2138-4A52-AB8B-6628BA60CE3D-large.heic
Display 3: 76A6D095-2138-4A52-AB8B-6628BA60CE3D-large.heic
Generated: /Users/noamfavier/.config/sketchybar/colors_generated.lua
2026-05-15 11:11:09 theme applied
2026-05-15 11:11:10 wallpaper changed — regenerating theme
Display 1: 76A6D095-2138-4A52-AB8B-6628BA60CE3D-large.heic
Display 2: 76A6D095-2138-4A52-AB8B-6628BA60CE3D-large.heic
Display 3: 76A6D095-2138-4A52-AB8B-6628BA60CE3D-large.heic
Generated: /Users/noamfavier/.config/sketchybar/colors_generated.lua
2026-05-15 11:11:10 theme applied
2026-05-15 11:11:11 wallpaper changed — regenerating theme
Display 1: 76A6D095-2138-4A52-AB8B-6628BA60CE3D-large.heic
Display 2: 76A6D095-2138-4A52-AB8B-6628BA60CE3D-large.heic
Display 3: 76A6D095-2138-4A52-AB8B-6628BA60CE3D-large.heic
Generated: /Users/noamfavier/.config/sketchybar/colors_generated.lua
2026-05-15 11:11:11 theme applied
2026-05-15 11:11:12 wallpaper changed — regenerating theme
Display 1: 76A6D095-2138-4A52-AB8B-6628BA60CE3D-large.heic
Display 2: 76A6D095-2138-4A52-AB8B-6628BA60CE3D-large.heic
Display 3: 76A6D095-2138-4A52-AB8B-6628BA60CE3D-large.heic
Generated: /Users/noamfavier/.config/sketchybar/colors_generated.lua
2026-05-15 11:11:13 theme applied
2026-05-15 11:11:14 wallpaper changed — regenerating theme
Display 1: 76A6D095-2138-4A52-AB8B-6628BA60CE3D-large.heic
Display 2: 76A6D095-2138-4A52-AB8B-6628BA60CE3D-large.heic
Display 3: 76A6D095-2138-4A52-AB8B-6628BA60CE3D-large.heic
Generated: /Users/noamfavier/.config/sketchybar/colors_generated.lua
2026-05-15 11:11:14 theme applied
2026-05-15 11:11:15 wallpaper changed — regenerating theme
Display 1: 76A6D095-2138-4A52-AB8B-6628BA60CE3D-large.heic
Display 2: 76A6D095-2138-4A52-AB8B-6628BA60CE3D-large.heic
Display 3: 76A6D095-2138-4A52-AB8B-6628BA60CE3D-large.heic
Generated: /Users/noamfavier/.config/sketchybar/colors_generated.lua
2026-05-15 11:11:15 theme applied
2026-05-15 11:11:16 wallpaper changed — regenerating theme
Display 1: 76A6D095-2138-4A52-AB8B-6628BA60CE3D-large.heic
Display 2: 76A6D095-2138-4A52-AB8B-6628BA60CE3D-large.heic
Display 3: 76A6D095-2138-4A52-AB8B-6628BA60CE3D-large.heic
Generated: /Users/noamfavier/.config/sketchybar/colors_generated.lua
2026-05-15 11:11:16 theme applied
2026-05-15 11:11:17 wallpaper changed — regenerating theme
Display 1: 76A6D095-2138-4A52-AB8B-6628BA60CE3D-large.heic
Display 2: 76A6D095-2138-4A52-AB8B-6628BA60CE3D-large.heic
Display 3: 76A6D095-2138-4A52-AB8B-6628BA60CE3D-large.heic
Generated: /Users/noamfavier/.config/sketchybar/colors_generated.lua
2026-05-15 11:11:17 theme applied
2026-05-15 11:11:18 wallpaper changed — regenerating theme
Display 1: 76A6D095-2138-4A52-AB8B-6628BA60CE3D-large.heic
Display 2: 76A6D095-2138-4A52-AB8B-6628BA60CE3D-large.heic
Display 3: 76A6D095-2138-4A52-AB8B-6628BA60CE3D-large.heic
Generated: /Users/noamfavier/.config/sketchybar/colors_generated.lua
2026-05-15 11:11:19 theme applied
2026-05-15 11:11:20 wallpaper changed — regenerating theme
Display 1: 76A6D095-2138-4A52-AB8B-6628BA60CE3D-large.heic
Display 2: 76A6D095-2138-4A52-AB8B-6628BA60CE3D-large.heic
Display 3: 76A6D095-2138-4A52-AB8B-6628BA60CE3D-large.heic
Generated: /Users/noamfavier/.config/sketchybar/colors_generated.lua
2026-05-15 11:11:20 theme applied
2026-05-15 11:11:21 wallpaper changed — regenerating theme
Display 1: 76A6D095-2138-4A52-AB8B-6628BA60CE3D-large.heic
Display 2: 76A6D095-2138-4A52-AB8B-6628BA60CE3D-large.heic
Display 3: 76A6D095-2138-4A52-AB8B-6628BA60CE3D-large.heic
Generated: /Users/noamfavier/.config/sketchybar/colors_generated.lua
2026-05-15 11:11:21 theme applied
2026-05-15 11:11:22 wallpaper changed — regenerating theme
Display 1: 76A6D095-2138-4A52-AB8B-6628BA60CE3D-large.heic
Display 2: 76A6D095-2138-4A52-AB8B-6628BA60CE3D-large.heic
Display 3: 76A6D095-2138-4A52-AB8B-6628BA60CE3D-large.heic
Generated: /Users/noamfavier/.config/sketchybar/colors_generated.lua
2026-05-15 11:11:22 theme applied
2026-05-15 11:13:37 wallpaper changed — regenerating theme
Display 1: 76A6D095-2138-4A52-AB8B-6628BA60CE3D-large.heic
Display 2: 76A6D095-2138-4A52-AB8B-6628BA60CE3D-large.heic
Display 3: 76A6D095-2138-4A52-AB8B-6628BA60CE3D-large.heic
Generated: /Users/noamfavier/.config/sketchybar/colors_generated.lua
2026-05-15 11:13:37 theme applied
